<?xml version="1.0" encoding="UTF-8"?>
<!-- Generated by org.testng.reporters.JUnitReportReporter -->
<testsuite hostname="LAPTOP-RT8DVNCG" failures="0" tests="1" name="PatientManagement.User_login_Patient_creation" time="34.146" errors="0" timestamp="2022-06-02T10:54:15 IST" skipped="0">
  <testcase classname="PatientManagement.User_login_Patient_creation" name="login_patient" time="34.146"/>
  <system-out/>
</testsuite> <!-- PatientManagement.User_login_Patient_creation -->
