<?xml version="1.0" encoding="UTF-8"?>
<!-- Generated by org.testng.reporters.JUnitReportReporter -->
<testsuite hostname="LAPTOP-RT8DVNCG" failures="0" tests="1" name="PatientManagement.Patient_ubdergoing_transplant_eith_severe_Thalasemia_diease" time="49.975" errors="0" timestamp="2022-06-02T10:49:18 IST" skipped="0">
  <testcase classname="PatientManagement.Patient_ubdergoing_transplant_eith_severe_Thalasemia_diease" name="login_patient" time="49.975"/>
  <system-out/>
</testsuite> <!-- PatientManagement.Patient_ubdergoing_transplant_eith_severe_Thalasemia_diease -->
